
==============================================================

-> ${prefix}        /usr/local
-> ${exec_prefix}   /usr/local
-> ${bindir}        /usr/local/bin
-> ${libdir}        /usr/local/lib
-> ${sysconfdir}    /etc
-> ${datadir}       /usr/local/share

-> ettercap 0.8.2

-> compiled with gcc 4.2 (/Library/Developer/CommandLineTools/usr/bin/cc)
-> libpcap version 1.8.1 -- Apple version 79.20.1
-> libnet version 1.1.6
-> libz version 1.2.11
-> libpcre version 8.42 2018-03-20
-> lib     OpenSSL 1.0.2o  27 Mar 2018
-> headers OpenSSL 1.0.2o  27 Mar 2018


DEVICE OPENED FOR ettercap DEBUGGING

[NR_THREAD]	init_structures
[NR_THREAD]	load_conf
[NR_THREAD]	get_full_path -- [etc] /etc/ettercap/etter.conf
[NR_THREAD]	open_data (/etc/ettercap/etter.conf)
[NR_THREAD]	load_conf: SECTION: privs
[NR_THREAD]	load_conf: 	ENTRY: ec_uid  65534
[NR_THREAD]	load_conf: 	ENTRY: ec_gid  65534
[NR_THREAD]	load_conf: SECTION: mitm
[NR_THREAD]	load_conf: 	ENTRY: arp_storm_delay  10
[NR_THREAD]	load_conf: 	ENTRY: arp_poison_smart  0
[NR_THREAD]	load_conf: 	ENTRY: arp_poison_warm_up  1
[NR_THREAD]	load_conf: 	ENTRY: arp_poison_delay  10
[NR_THREAD]	load_conf: 	ENTRY: arp_poison_icmp  1
[NR_THREAD]	load_conf: 	ENTRY: arp_poison_reply  1
[NR_THREAD]	load_conf: 	ENTRY: arp_poison_request  0
[NR_THREAD]	load_conf: 	ENTRY: arp_poison_equal_mac  1
[NR_THREAD]	load_conf: 	ENTRY: dhcp_lease_time  1800
[NR_THREAD]	load_conf: 	ENTRY: port_steal_delay  10
[NR_THREAD]	load_conf: 	ENTRY: port_steal_send_delay  2000
[NR_THREAD]	load_conf: 	ENTRY: ndp_poison_warm_up  1
[NR_THREAD]	load_conf: 	ENTRY: ndp_poison_delay  5
[NR_THREAD]	load_conf: 	ENTRY: ndp_poison_send_delay  1500
[NR_THREAD]	load_conf: 	ENTRY: ndp_poison_icmp  1
[NR_THREAD]	load_conf: 	ENTRY: ndp_poison_equal_mac  1
[NR_THREAD]	load_conf: 	ENTRY: icmp6_probe_delay  3
[NR_THREAD]	load_conf: SECTION: connections
[NR_THREAD]	load_conf: 	ENTRY: connection_timeout  300
[NR_THREAD]	load_conf: 	ENTRY: connection_idle  5
[NR_THREAD]	load_conf: 	ENTRY: connection_buffer  10000
[NR_THREAD]	load_conf: 	ENTRY: connect_timeout  5
[NR_THREAD]	load_conf: SECTION: stats
[NR_THREAD]	load_conf: 	ENTRY: sampling_rate  50
[NR_THREAD]	load_conf: SECTION: misc
[NR_THREAD]	load_conf: 	ENTRY: close_on_eof  1
[NR_THREAD]	load_conf: 	ENTRY: store_profiles  1
[NR_THREAD]	load_conf: 	ENTRY: aggressive_dissectors  1
[NR_THREAD]	load_conf: 	ENTRY: skip_forwarded_pcks  1
[NR_THREAD]	load_conf: 	ENTRY: checksum_check  0
[NR_THREAD]	load_conf: 	ENTRY: submit_fingerprint  0
[NR_THREAD]	load_conf: 	ENTRY: checksum_warning  0
[NR_THREAD]	load_conf: 	ENTRY: sniffing_at_startup  1
[NR_THREAD]	load_conf: 	ENTRY: geoip_support_enable  1
[NR_THREAD]	load_conf: 	ENTRY: gtkui_prefer_dark_theme  0
[NR_THREAD]	load_conf: SECTION: dissectors
[NR_THREAD]	dissect_modify: ftp replaced to 21
[NR_THREAD]	dissect_modify: ssh replaced to 22
[NR_THREAD]	dissect_modify: telnet replaced to 23
[NR_THREAD]	dissect_modify: smtp replaced to 25
[NR_THREAD]	dissect_modify: dns replaced to 53
[NR_THREAD]	dissect_modify: dhcp replaced to 67
[NR_THREAD]	dissect_modify: http replaced to 80
[NR_THREAD]	dissect_modify: ospf replaced to 89
[NR_THREAD]	dissect_modify: pop3 replaced to 110
[NR_THREAD]	dissect_modify: vrrp replaced to 112
[NR_THREAD]	dissect_modify: nntp replaced to 119
[NR_THREAD]	dissect_modify: smb replaced to 139
[NR_THREAD]	dissect_modify: smb added on 445
[NR_THREAD]	dissect_modify: imap replaced to 143
[NR_THREAD]	dissect_modify: imap added on 220
[NR_THREAD]	dissect_modify: snmp replaced to 161
[NR_THREAD]	dissect_modify: bgp replaced to 179
[NR_THREAD]	dissect_modify: ldap replaced to 389
[NR_THREAD]	sslw_dissect_move: https [443]
[NR_THREAD]	dissect_modify: https replaced to 443
[NR_THREAD]	sslw_dissect_move: ssmtp [465]
[NR_THREAD]	dissect_modify: ssmtp replaced to 465
[NR_THREAD]	dissect_modify: rlogin replaced to 512
[NR_THREAD]	dissect_modify: rlogin added on 513
[NR_THREAD]	dissect_modify: rip replaced to 520
[NR_THREAD]	sslw_dissect_move: nntps [563]
[NR_THREAD]	dissect_modify: nntps replaced to 563
[NR_THREAD]	sslw_dissect_move: ldaps [636]
[NR_THREAD]	dissect_modify: ldaps replaced to 636
[NR_THREAD]	sslw_dissect_move: telnets [992]
[NR_THREAD]	dissect_modify: telnets replaced to 992
[NR_THREAD]	sslw_dissect_move: imaps [993]
[NR_THREAD]	dissect_modify: imaps replaced to 993
[NR_THREAD]	sslw_dissect_move: ircs [994]
[NR_THREAD]	dissect_modify: ircs replaced to 994
[NR_THREAD]	sslw_dissect_move: pop3s [995]
[NR_THREAD]	dissect_modify: pop3s replaced to 995
[NR_THREAD]	dissect_modify: socks replaced to 1080
[NR_THREAD]	dissect_modify: radius replaced to 1645
[NR_THREAD]	dissect_modify: radius added on 1646
[NR_THREAD]	dissect_modify: msn replaced to 1863
[NR_THREAD]	dissect_modify: cvs replaced to 2401
[NR_THREAD]	dissect_modify: mysql replaced to 3306
[NR_THREAD]	dissect_modify: icq replaced to 5190
[NR_THREAD]	dissect_modify: ymsg replaced to 5050
[NR_THREAD]	dissect_modify: mdns replaced to 5353
[NR_THREAD]	dissect_modify: vnc replaced to 5900
[NR_THREAD]	dissect_modify: vnc added on 5901
[NR_THREAD]	dissect_modify: vnc added on 5902
[NR_THREAD]	dissect_modify: vnc added on 5903
[NR_THREAD]	dissect_modify: x11 replaced to 6000
[NR_THREAD]	dissect_modify: x11 added on 6001
[NR_THREAD]	dissect_modify: x11 added on 6002
[NR_THREAD]	dissect_modify: x11 added on 6003
[NR_THREAD]	dissect_modify: irc replaced to 6666
[NR_THREAD]	dissect_modify: irc added on 6667
[NR_THREAD]	dissect_modify: irc added on 6668
[NR_THREAD]	dissect_modify: irc added on 6669
[NR_THREAD]	dissect_modify: gg replaced to 8074
[NR_THREAD]	sslw_dissect_move: proxy [8080]
[NR_THREAD]	dissect_modify: proxy replaced to 8080
[NR_THREAD]	dissect_modify: rcon replaced to 27015
[NR_THREAD]	dissect_modify: rcon added on 27960
[NR_THREAD]	dissect_modify: ppp replaced to 34827
[NR_THREAD]	dissect_modify: TN3270 replaced to 23
[NR_THREAD]	dissect_modify: TN3270 added on 992
[NR_THREAD]	load_conf: SECTION: curses
[NR_THREAD]	load_conf: 	ENTRY: color_bg  0
[NR_THREAD]	load_conf: 	ENTRY: color_fg  7
[NR_THREAD]	load_conf: 	ENTRY: color_join1  2
[NR_THREAD]	load_conf: 	ENTRY: color_join2  4
[NR_THREAD]	load_conf: 	ENTRY: color_border  7
[NR_THREAD]	load_conf: 	ENTRY: color_title  3
[NR_THREAD]	load_conf: 	ENTRY: color_focus  6
[NR_THREAD]	load_conf: 	ENTRY: color_menu_bg  4
[NR_THREAD]	load_conf: 	ENTRY: color_menu_fg  6
[NR_THREAD]	load_conf: 	ENTRY: color_window_bg  4
[NR_THREAD]	load_conf: 	ENTRY: color_window_fg  7
[NR_THREAD]	load_conf: 	ENTRY: color_selection_bg  6
[NR_THREAD]	load_conf: 	ENTRY: color_selection_fg  6
[NR_THREAD]	load_conf: 	ENTRY: color_error_bg  1
[NR_THREAD]	load_conf: 	ENTRY: color_error_fg  3
[NR_THREAD]	load_conf: 	ENTRY: color_error_border  3
[NR_THREAD]	load_conf: SECTION: strings
[NR_THREAD]	load_conf: 	ENTRY: utf8_encoding  [ISO-8859-1]
[NR_THREAD]	load_conf: 	ENTRY: remote_browser  [xdg-open http://%host%url]
[NR_THREAD]	load_conf: 	ENTRY: geoip_data_file  [/usr/local/share/GeoIP/GeoIP.dat]
[NR_THREAD]	load_conf: 	ENTRY: geoip_data_file_v6  [/usr/local/share/GeoIP/GeoIPv6.dat]
[NR_THREAD]	main -- here we go !!
[NR_THREAD]	ec_thread_register -- [140735563367232] init
[     init]	signal_handler activated
[     init]	parse_options -- [0] [ettercap]
[     init]	parse_options -- [1] [-G]
[     init]	select_gtk_interface
[     init]	GTK3 -> gtk+3 3.22.30

[     init]	parse_options: options parsed
[     init]	compile_target TARGET: ///
[     init]	MAC  : []
[     init]	IP   : []
[     init]	IPv6 : []
[     init]	PORT : []
[     init]	compile_target TARGET: ///
[     init]	MAC  : []
[     init]	IP   : []
[     init]	IPv6 : []
[     init]	PORT : []
[     init]	parse_options: targets parsed
[     init]	set_unified_sniff
[     init]	parse_options: options combination looks good
[     init]	capture_getifs
[     init]	capture_getifs: [en0] en0
[     init]	capture_getifs: [p2p0] p2p0
[     init]	capture_getifs: [awdl0] awdl0
[     init]	capture_getifs: [bridge0] bridge0
[     init]	capture_getifs: [utun0] utun0
[     init]	capture_getifs: [en2] en2
[     init]	capture_getifs: [lo0] Local Loopback
[     init]	capture_getifs: [gif0] gif0
[     init]	capture_getifs: [stf0] stf0
[     init]	capture_getifs: [XHC20] XHC20
[     init]	ui_init
[     init]	gtkui_init
[     init]	gtkui_conf_read: /Users/saaketAgashe/.config/ettercap_gtk
[     init]	gtkui_conf_set: name=window_top value=23
[     init]	gtkui_conf_set: name=window_left value=26
[     init]	gtkui_conf_set: name=window_height value=440
[     init]	gtkui_conf_set: name=window_width value=800
[     init]	gtkui_setup
[     init]	gtkui_build_widgets (activate method)
[     init]	gtkui_conf_get: name=window_width
[     init]	gtkui_conf_get: name=window_height
[     init]	gtkui_conf_get: name=window_left
[     init]	gtkui_conf_get: name=window_top
[     init]	gtkui_set_iface_unified: set iface 'en0'
[     init]	gtkui_set_iface_bridge: set iface 'p2p0'
[     init]	gtk_setup: end
[     init]	init_network
[     init]	source_init en0
[     init]	requested snaplen for en0: 65535, assigned snaplen: 65535
[     init]	get_iface_mtu: 1500
[     init]	l3_init
[     init]	geoip_init: /usr/local/share/GeoIP/GeoIP.dat not found.
[     init]	disable_ipv6_forward | net.inet6.ip6.forwarding = 0  old_value = 0

[     init]	disable_ip_forward | net.inet.ip.forwarding = 0  old_value = 0

[     init]	ssl_wrap_init: no redirect script
[     init]	drop_privs: seteuid(65534) setegid(65534)
[     init]	privs: UID: 0 65534  GID: 0 65534
[     init]	plugin_loadall
[     init]	plugin_load_single: /usr/local/lib/ettercap/ec_stp_mangler.so
[     init]	plugin_load_single: /usr/local/lib/ettercap/ec_sslstrip.so
[     init]	plugin_load_single: /usr/local/lib/ettercap/ec_smurf_attack.so
[     init]	plugin_load_single: /usr/local/lib/ettercap/ec_smb_down.so
[     init]	plugin_load_single: /usr/local/lib/ettercap/ec_smb_clear.so
[     init]	plugin_load_single: /usr/local/lib/ettercap/ec_search_promisc.so
[     init]	plugin_load_single: /usr/local/lib/ettercap/ec_scan_poisoner.so
[     init]	plugin_load_single: /usr/local/lib/ettercap/ec_repoison_arp.so
[     init]	plugin_load_single: /usr/local/lib/ettercap/ec_reply_arp.so
[     init]	plugin_load_single: /usr/local/lib/ettercap/ec_remote_browser.so
[     init]	plugin_load_single: /usr/local/lib/ettercap/ec_rand_flood.so
[     init]	plugin_load_single: /usr/local/lib/ettercap/ec_pptp_reneg.so
[     init]	plugin_load_single: /usr/local/lib/ettercap/ec_pptp_pap.so
[     init]	plugin_load_single: /usr/local/lib/ettercap/ec_pptp_clear.so
[     init]	plugin_load_single: /usr/local/lib/ettercap/ec_pptp_chapms1.so
[     init]	plugin_load_single: /usr/local/lib/ettercap/ec_nbns_spoof.so
[     init]	get_full_path -- [etc] /etc/ettercap/etter.nbns
[     init]	open_data (/etc/ettercap/etter.nbns)
[     init]	nbns_spoof entries:
[     init]	 WORKGROUP -> [127.0.0.1]
[     init]	plugin_load_single: /usr/local/lib/ettercap/ec_mdns_spoof.so
[     init]	get_full_path -- [etc] /etc/ettercap/etter.mdns
[     init]	open_data (/etc/ettercap/etter.mdns)
[     init]	mdns_spoof: etter.mdns:43 str 'microsoft.com      A   198.182.196.56
'
[     init]	mdns_spoof: etter.mdns:44 str '*.microsoft.com    A   198.182.196.56
'
[     init]	mdns_spoof: etter.mdns:45 str 'www.microsoft.com  PTR 198.182.196.56      '
[     init]	mdns_spoof: etter.mdns:51 str 'router.local       A    192.168.0.25
'
[     init]	mdns_spoof: etter.mdns:52 str 'router.local       AAAA 2001:db8::25       '
[     init]	mdns_spoof: etter.mdns:53 str 'router.local       PTR  192.168.0.25
'
[     init]	mdns_spoof: etter.mdns:54 str 'router.local       PTR  2001:db8::25
'
[     init]	mdns_spoof: etter.mdns:60 str 'xmpp-server._tcp.jabber.org SRV 192.168.1.10:5269     
'
[     init]	mdns_spoof: etter.mdns:61 str 'domain._udp.local SRV [2001:db8:c001:beef::1]:53   
'
[     init]	mdns_spoof entries:
[     init]	  domain._udp.local -> [2001:db8:c001:beef::1:53], type SRV, family IPv6
[     init]	  xmpp-server._tcp.jabber.org -> [192.168.1.10:5269], type SRV, family IPv4
[     init]	  router.local -> [2001:db8::25], type PTR, family IPv6
[     init]	  router.local -> [192.168.0.25], type PTR, family IPv4
[     init]	  router.local -> [2001:db8::25], type AAAA, family IPv6
[     init]	  router.local -> [192.168.0.25], type A, family IPv4
[     init]	  www.microsoft.com -> [198.182.196.56], type PTR, family IPv4
[     init]	  *.microsoft.com -> [198.182.196.56], type A, family IPv4
[     init]	  microsoft.com -> [198.182.196.56], type A, family IPv4
[     init]	plugin_load_single: /usr/local/lib/ettercap/ec_link_type.so
[     init]	plugin_load_single: /usr/local/lib/ettercap/ec_krb5_downgrade.so
[     init]	plugin_load_single: /usr/local/lib/ettercap/ec_isolate.so
[     init]	plugin_load_single: /usr/local/lib/ettercap/ec_gw_discover.so
[     init]	plugin_load_single: /usr/local/lib/ettercap/ec_gre_relay.so
[     init]	plugin_load_single: /usr/local/lib/ettercap/ec_fraggle_attack.so
[     init]	plugin_load_single: /usr/local/lib/ettercap/ec_finger_submit.so
[     init]	plugin_load_single: /usr/local/lib/ettercap/ec_finger.so
[     init]	plugin_load_single: /usr/local/lib/ettercap/ec_find_ip.so
[     init]	plugin_load_single: /usr/local/lib/ettercap/ec_find_ettercap.so
[     init]	plugin_load_single: /usr/local/lib/ettercap/ec_find_conn.so
[     init]	plugin_load_single: /usr/local/lib/ettercap/ec_dummy.so
[     init]	dummy plugin load function
[     init]	plugin_load_single: /usr/local/lib/ettercap/ec_dos_attack.so
[     init]	plugin_load_single: /usr/local/lib/ettercap/ec_dns_spoof.so
[     init]	get_full_path -- [etc] /etc/ettercap/etter.dns
[     init]	open_data (/etc/ettercap/etter.dns)
[     init]	etter.dns:61 str 'microsoft.com      A   107.170.40.56 1800
'
[     init]	etter.dns:62 str '*.microsoft.com    A   107.170.40.56 3600
'
[     init]	etter.dns:63 str 'www.microsoft.com  PTR 107.170.40.56      '
[     init]	etter.dns:69 str 'www.alor.org  A 127.0.0.1 2147483647         '
[     init]	etter.dns:70 str 'www.naga.org  A 127.0.0.1 30                 '
[     init]	etter.dns:71 str 'www.naga.org  AAAA 2001:db8::2               '
[     init]	etter.dns:77 str 'www.ietf.org   A    127.0.0.1
'
[     init]	etter.dns:78 str 'www.ietf.org   AAAA ::
'
[     init]	etter.dns:80 str 'www.example.org  A    0.0.0.0
'
[     init]	etter.dns:81 str 'www.example.org  AAAA ::1
'
[     init]	etter.dns:87 str 'www.ettercap.org           A  127.0.0.1
'
[     init]	etter.dns:88 str 'www.ettercap-project.org   A  127.0.0.1
'
[     init]	etter.dns:89 str 'ettercap.sourceforge.net   A  23.235.43.133
'
[     init]	etter.dns:90 str 'www.ettercap.org           PTR ::1
'
[     init]	etter.dns:96 str 'alor.org   MX  127.0.0.1
'
[     init]	etter.dns:97 str 'naga.org   MX  127.0.0.1
'
[     init]	etter.dns:98 str 'example.org MX 127.0.0.2
'
[     init]	etter.dns:99 str 'microsoft.com MX 2001:db8::1ce:c01d:bee3
'
[     init]	etter.dns:106 str 'LAB-PC*  WINS  127.0.0.1
'
[     init]	etter.dns:111 str 'xmpp-server._tcp.jabber.org SRV 192.168.1.10:5269     
'
[     init]	etter.dns:112 str 'ldap._udp.mynet.com SRV [2001:db8:c001:beef::1]:389   
'
[     init]	etter.dns:118 str 'naga.org TXT "v=spf1 ip4:192.168.1.2 ip6:2001:db8:d0b1:beef::2 -all"
'
[     init]	dns_spoof entries:
[     init]	  naga.org -> "Ð÷ƒíþ", type TXT, TTL 3600
[     init]	  ldap._udp.mynet.com -> [2001:db8:c001:beef::1:389], type SRV, TTL 3600, family IPv6
[     init]	  xmpp-server._tcp.jabber.org -> [192.168.1.10:5269], type SRV, TTL 3600, family IPv4
[     init]	  LAB-PC* -> [127.0.0.1], type WINS, TTL 3600, family IPv4
[     init]	  microsoft.com -> [2001:db8::1ce:c01d:bee3], type MX, TTL 3600, family IPv6
[     init]	  example.org -> [127.0.0.2], type MX, TTL 3600, family IPv4
[     init]	  naga.org -> [127.0.0.1], type MX, TTL 3600, family IPv4
[     init]	  alor.org -> [127.0.0.1], type MX, TTL 3600, family IPv4
[     init]	  www.ettercap.org -> [::1], type PTR, TTL 3600, family IPv6
[     init]	  ettercap.sourceforge.net -> [23.235.43.133], type A, TTL 3600, family IPv4
[     init]	  www.ettercap-project.org -> [127.0.0.1], type A, TTL 3600, family IPv4
[     init]	  www.ettercap.org -> [127.0.0.1], type A, TTL 3600, family IPv4
[     init]	  www.example.org -> [::1], type AAAA, TTL 3600, family IPv6
[     init]	  www.example.org -> [0.0.0.0], type A, TTL 3600, family IPv4
[     init]	  www.ietf.org -> [::], type AAAA, TTL 3600, family IPv6
[     init]	  www.ietf.org -> [127.0.0.1], type A, TTL 3600, family IPv4
[     init]	  www.naga.org -> [2001:db8::2], type AAAA, TTL 3600, family IPv6
[     init]	  www.naga.org -> [127.0.0.1], type A, TTL 30, family IPv4
[     init]	  www.alor.org -> [127.0.0.1], type A, TTL 2147483647, family IPv4
[     init]	  www.microsoft.com -> [107.170.40.56], type PTR, TTL 3600, family IPv4
[     init]	  *.microsoft.com -> [107.170.40.56], type A, TTL 3600, family IPv4
[     init]	  microsoft.com -> [107.170.40.56], type A, TTL 1800, family IPv4
[     init]	plugin_load_single: /usr/local/lib/ettercap/ec_chk_poison.so
[     init]	plugin_load_single: /usr/local/lib/ettercap/ec_autoadd.so
[     init]	plugin_load_single: /usr/local/lib/ettercap/ec_arp_cop.so
[     init]	get_full_path -- [share] /usr/local/share/ettercap/etter.finger.mac
[     init]	open_data (/usr/local/share/ettercap/etter.finger.mac)
[     init]	manuf_init -- 24609 fingers loaded
[     init]	get_full_path -- [share] /usr/local/share/ettercap/etter.finger.os
[     init]	open_data (/usr/local/share/ettercap/etter.finger.os)
[     init]	fingerprint_init -- 1766 fingers loaded
[     init]	get_full_path -- [share] /usr/local/share/ettercap/etter.services
[     init]	open_data (/usr/local/share/ettercap/etter.services)
[     init]	serv_init -- 2182 services loaded
[     init]	get_full_path -- [share] /usr/local/share/ettercap/etter.fields
[     init]	open_data (/usr/local/share/ettercap/etter.fields)
[     init]	set_utf8_encoding: ISO-8859-1
[     init]	ec_thread_new -- top_half detached 0
[     init]	thread_init_lock
[     init]	ec_thread_register -- [123145436336128] top_half
[ top_half]	ec_thread_init -- 123145436336128
[     init]	ec_thread_new -- 123145436336128 created 
[ top_half]	thread_init_lock
[ top_half]	thread_init_unlock
[ top_half]	ec_thread_init -- (123145436336128) ready and syncronized
[     init]	thread_init_unlock
[ top_half]	top_half activated !
[     init]	ec_thread_register -- [140735563367232] ettercap
[ ettercap]	start_unified_sniff
[ ettercap]	ec_thread_new -- timer detached 0
[ ettercap]	thread_init_lock
[ ettercap]	ec_thread_register -- [123145436872704] timer
[ ettercap]	ec_thread_new -- 123145436872704 created 
[    timer]	ec_thread_init -- 123145436872704
[    timer]	thread_init_lock
[    timer]	thread_init_unlock
[    timer]	ec_thread_init -- (123145436872704) ready and syncronized
[ ettercap]	thread_init_unlock
[    timer]	conntrack_timeouter: activated !
[ ettercap]	ec_thread_new -- capture[en0] detached 0
[    timer]	conntrack_timeouter: sleeping for 5 sec
[ ettercap]	thread_init_lock
[ ettercap]	ec_thread_register -- [123145437409280] capture[en0]
[capture[en0]]	ec_thread_init -- 123145437409280
[ ettercap]	ec_thread_new -- 123145437409280 created 
[capture[en0]]	thread_init_lock
[capture[en0]]	thread_init_unlock
[ ettercap]	thread_init_unlock
[capture[en0]]	ec_thread_init -- (123145437409280) ready and syncronized
[ ettercap]	ec_thread_new -- sslwrap detached 0
[capture[en0]]	neverending loop (capture)
[ ettercap]	thread_init_lock
[capture[en0]]	stats_wipe
[ ettercap]	ec_thread_register -- [123145437945856] sslwrap
[  sslwrap]	ec_thread_init -- 123145437945856
[ ettercap]	ec_thread_new -- 123145437945856 created 
[  sslwrap]	thread_init_lock
[  sslwrap]	thread_init_unlock
[  sslwrap]	ec_thread_init -- (123145437945856) ready and syncronized
[ ettercap]	thread_init_unlock
[ ettercap]	ui_start
[ ettercap]	gtkui_start
[ ettercap]	gtkui_setup
[capture[en0]]	ip_create_session
[capture[en0]]	session_put: [0x7fa4b943dff0] new session
[capture[en0]]	NBNS dissector -> port 137
[capture[en0]]	NBNS Transaction ID [0x4567] Query: MACBOOKAIR-64BE
[ top_half]	conntrack_add: NEW CONNECTION
[ top_half]	connbuf_init
[capture[en0]]	NBNS dissector -> port 137
[capture[en0]]	NBNS Transaction ID [0x4568] Query: MACBOOKAIR-64BE
[capture[en0]]	ip6_create_session
[capture[en0]]	session_put: [0x7fa4b9431dc0] new session
[ top_half]	conntrack_add: NEW CONNECTION
[ top_half]	connbuf_init
[ ettercap]	gtkui_create_menu - live: 1
[ ettercap]	gtkui_msg: Listening on:

[ ettercap]	gtkui_msg:    en0 -> 84:38:35:67:64:BE

[ ettercap]	gtkui_msg: 	  192.168.3.100/
[ ettercap]	gtkui_msg: 255.255.255.0

[ ettercap]	gtkui_msg: 	  fe80::1044:f263:46be:a2e6/64

[ ettercap]	gtkui_msg: 

[ ettercap]	gtkui_msg: SSL dissection needs a valid 'redir_command_on' script in the etter.conf file

[ ettercap]	gtkui_msg: Privileges dropped to EUID 65534 EGID 65534...


[ ettercap]	gtkui_msg:   34 plugins

[ ettercap]	gtkui_msg:   42 protocol dissectors

[ ettercap]	gtkui_msg:   57 ports monitored

[ ettercap]	gtkui_msg: 24609 mac vendor fingerprint

[ ettercap]	gtkui_msg: 1766 tcp OS fingerprint

[ ettercap]	gtkui_msg: 2182 known services

[capture[en0]]	DNS --> UDP 53  dissector_dns
[capture[en0]]	ip_create_session
[ top_half]	conntrack_add: NEW CONNECTION
[capture[en0]]	session_put: [0x7fa4b9528880] new session
[ top_half]	connbuf_init
[capture[en0]]	profile_add_host 192.168.3.1
[capture[en0]]	profile_add_host: ADDED
[ top_half]	conntrack_add: NEW CONNECTION
[ top_half]	connbuf_init
[capture[en0]]	DNS --> UDP 53  dissector_dns
[ top_half]	conntrack_add: NEW CONNECTION
[ top_half]	connbuf_init
[ ettercap]	gtkui_msg: Starting Unified sniffing...


[capture[en0]]	DNS --> UDP 53  dissector_dns
[capture[en0]]	DNS --> UDP 53  dissector_dns
[ top_half]	conntrack_add: NEW CONNECTION
[ top_half]	connbuf_init
[ top_half]	conntrack_add: NEW CONNECTION
[ top_half]	connbuf_init
[capture[en0]]	DNS --> UDP 53  dissector_dns
[ top_half]	conntrack_add: NEW CONNECTION
[ top_half]	connbuf_init
[capture[en0]]	DNS --> UDP 53  dissector_dns
[ top_half]	conntrack_add: NEW CONNECTION
[ top_half]	connbuf_init
[capture[en0]]	DNS --> UDP 53  dissector_dns
[ top_half]	conntrack_add: NEW CONNECTION
[ top_half]	connbuf_init
[capture[en0]]	DNS --> UDP 53  dissector_dns
[ top_half]	conntrack_add: NEW CONNECTION
[ top_half]	connbuf_init
[capture[en0]]	DNS --> UDP 53  dissector_dns
[ top_half]	conntrack_add: NEW CONNECTION
[ top_half]	connbuf_init
[capture[en0]]	DNS --> UDP 53  dissector_dns
[ top_half]	conntrack_add: NEW CONNECTION
[ top_half]	connbuf_init
[capture[en0]]	DNS --> UDP 53  dissector_dns
[ top_half]	conntrack_add: NEW CONNECTION
[ top_half]	connbuf_init
[capture[en0]]	DNS --> UDP 53  dissector_dns
[ top_half]	conntrack_add: NEW CONNECTION
[ top_half]	connbuf_init
[capture[en0]]	DNS --> UDP 53  dissector_dns
[ top_half]	conntrack_add: NEW CONNECTION
[ top_half]	connbuf_init
[ top_half]	conntrack_add: NEW CONNECTION
[ top_half]	connbuf_init
[capture[en0]]	DNS --> UDP 53  dissector_dns
[ top_half]	conntrack_add: NEW CONNECTION
[ top_half]	connbuf_init
[capture[en0]]	NBNS dissector -> port 137
[capture[en0]]	NBNS Transaction ID [0x4571] Query: MACBOOKAIR-64BE
[capture[en0]]	NBNS dissector -> port 137
[capture[en0]]	NBNS Transaction ID [0x4572] Query: WORKGROUP
[capture[en0]]	NBNS dissector -> port 137
[capture[en0]]	NBNS Transaction ID [0x4575] Query: WORKGROUP
[capture[en0]]	DNS --> UDP 53  dissector_dns
[ top_half]	conntrack_add: NEW CONNECTION
[ top_half]	connbuf_init
[capture[en0]]	ip6_create_session
[ top_half]	conntrack_add: NEW CONNECTION
[capture[en0]]	session_put: [0x7fa4b97a7c60] new session
[ top_half]	connbuf_init
[ top_half]	conntrack_add: NEW CONNECTION
[ top_half]	connbuf_init
[capture[en0]]	DNS --> UDP 53  dissector_dns
[ top_half]	conntrack_add: NEW CONNECTION
[ top_half]	connbuf_init
[ ettercap]	build_hosts_list
[ ettercap]	ec_thread_new -- scan detached 0
[ ettercap]	thread_init_lock
[ ettercap]	ec_thread_register -- [123145434189824] scan
[     scan]	scan_thread
[ ettercap]	ec_thread_new -- 123145434189824 created 
[     scan]	ec_thread_init -- 123145434189824
[     scan]	thread_init_lock
[     scan]	thread_init_unlock
[     scan]	ec_thread_init -- (123145434189824) ready and syncronized
[ ettercap]	thread_init_unlock
[     scan]	scan_netmask: 255 hosts
[ ettercap]	gtkui_msg: Randomizing 255 hosts for scanning...

[ ettercap]	gtkui_msg: Scanning the whole netmask for 255 hosts...

[capture[en0]]	get_response from 192.168.3.1
[capture[en0]]	NBNS dissector -> port 137
[capture[en0]]	NBNS Transaction ID [0x4571] Query: MACBOOKAIR-64BE
[capture[en0]]	NBNS dissector -> port 137
[capture[en0]]	NBNS Transaction ID [0x4572] Query: WORKGROUP
[capture[en0]]	NBNS dissector -> port 137
[capture[en0]]	NBNS Transaction ID [0x4575] Query: WORKGROUP
[capture[en0]]	get_response from 192.168.3.35
[capture[en0]]	profile_add_host 192.168.3.35
[capture[en0]]	profile_add_host: ADDED
[    timer]	conntrack_timeouter: woke up
[    timer]	conntrack_timeouter: sleeping for 5 sec
[capture[en0]]	NBNS dissector -> port 137
[capture[en0]]	NBNS Transaction ID [0x4578] Query: WORKGROUP
[capture[en0]]	NBNS dissector -> port 137
[capture[en0]]	NBNS Transaction ID [0x4571] Query: MACBOOKAIR-64BE
[capture[en0]]	NBNS dissector -> port 137
[capture[en0]]	NBNS Transaction ID [0x4572] Query: WORKGROUP
[capture[en0]]	NBNS dissector -> port 137
[capture[en0]]	NBNS Transaction ID [0x4575] Query: WORKGROUP
[capture[en0]]	ip_create_session
[capture[en0]]	session_put: [0x7fa4bcc0f170] new session
[capture[en0]]	NBNS dissector -> port 137
[ top_half]	profile_add_host 192.168.3.104
[ top_half]	update_port_list
[ top_half]	profile_add_host: ADDED
[ top_half]	conntrack_add: NEW CONNECTION
[ top_half]	connbuf_init
[ top_half]	conntrack_add: NEW CONNECTION
[ top_half]	connbuf_init
[capture[en0]]	NBNS dissector -> port 137
[capture[en0]]	NBNS Transaction ID [0x4578] Query: WORKGROUP
[capture[en0]]	get_response from 192.168.3.100
[capture[en0]]	NBNS dissector -> port 137
[capture[en0]]	DNS --> UDP 53  dissector_dns
[capture[en0]]	get_response from 192.168.3.104
[     scan]	scan_netmask: Complete
[     scan]	scan_targets: merging targets...
[     scan]	scan_targets: 0 hosts to be scanned
[     scan]	hook_del -- 71 [0x1023f9500]
[     scan]	hook_del -- 72 [0x1023f9500]
[     scan]	hook_del -- 73 [0x1023f9500]
[     scan]	Host: 192.168.3.1
[     scan]	Host: 192.168.3.35
[     scan]	Host: 192.168.3.104
[     scan]	ui_update
[     scan]	ec_thread_exit -- caller 123145434189824 [scan]
[ ettercap]	gtkui_msg: 3 hosts added to the hosts list...

[ ettercap]	gtk_refresh_host_list
[capture[en0]]	DNS --> UDP 53  dissector_dns
[ top_half]	conntrack_add: NEW CONNECTION
[ top_half]	connbuf_init
[capture[en0]]	DNS --> UDP 53  dissector_dns
[ top_half]	conntrack_add: NEW CONNECTION
[ top_half]	connbuf_init
[capture[en0]]	DNS --> UDP 53  dissector_dns
[ top_half]	conntrack_add: NEW CONNECTION
[ top_half]	connbuf_init
[capture[en0]]	DNS --> UDP 53  dissector_dns
[ top_half]	conntrack_add: NEW CONNECTION
[ top_half]	connbuf_init
[capture[en0]]	NBNS dissector -> port 137
[capture[en0]]	NBNS Transaction ID [0x4579] Query: WORKGROUP
[capture[en0]]	DNS --> UDP 53  dissector_dns
[    timer]	conntrack_timeouter: woke up
[    timer]	conntrack_timeouter: sleeping for 5 sec
[capture[en0]]	NBNS dissector -> port 137
[capture[en0]]	NBNS Transaction ID [0x4579] Query: WORKGROUP
[ ettercap]	gtk_host_list
[ ettercap]	gtk_refresh_host_list
[capture[en0]]	NBNS dissector -> port 137
[capture[en0]]	NBNS Transaction ID [0x4579] Query: WORKGROUP
[capture[en0]]	DNS --> UDP 53  dissector_dns
[ top_half]	conntrack_add: NEW CONNECTION
[ top_half]	connbuf_init
[capture[en0]]	DNS --> UDP 53  dissector_dns
[ top_half]	conntrack_add: NEW CONNECTION
[ top_half]	connbuf_init
[capture[en0]]	DNS --> UDP 53  dissector_dns
[    timer]	conntrack_timeouter: woke up
[    timer]	conntrack_timeouter: sleeping for 5 sec
[ ettercap]	gtkui_button_callback: add target1
[ ettercap]	gtk_create_targets_array
[ ettercap]	gtkui_msg: Host 192.168.3.104 added to TARGET1

[ ettercap]	gtkui_button_callback: add target2
[ ettercap]	gtk_create_targets_array
[ ettercap]	gtkui_msg: Host 192.168.3.35 added to TARGET2

[    timer]	conntrack_timeouter: woke up
[    timer]	conntrack_timeouter: sleeping for 5 sec
[ ettercap]	gtk_arp_poisoning
[ ettercap]	gtk_start_mitm
[ ettercap]	mitm_set: arp (remote)
[ ettercap]	mitm_start
[ ettercap]	mitm_start: starting arp
[ ettercap]	arp_poisoning_start
[ ettercap]	create_list
[ ettercap]	ec_thread_new -- arp_poisoner detached 0
[ ettercap]	thread_init_lock
[ ettercap]	ec_thread_register -- [123145434189824] arp_poisoner
[arp_poisoner]	ec_thread_init -- 123145434189824
[ ettercap]	ec_thread_new -- 123145434189824 created 
[arp_poisoner]	thread_init_lock
[arp_poisoner]	thread_init_unlock
[arp_poisoner]	ec_thread_init -- (123145434189824) ready and syncronized
[ ettercap]	thread_init_unlock
[capture[en0]]	get_response from 192.168.3.35
[capture[en0]]	get_response from 192.168.3.104
[ ettercap]	gtkui_msg: 
ARP poisoning victims:


[ ettercap]	gtkui_msg:  GROUP 1 : 192.168.3.104 48:5A:B6:85:48:DD

[ ettercap]	gtkui_msg: 

[ ettercap]	gtkui_msg:  GROUP 2 : 192.168.3.35 00:05:21:02:3E:9D

[    timer]	conntrack_timeouter: woke up
[    timer]	conntrack_timeouter: sleeping for 5 sec
[capture[en0]]	get_response from 192.168.3.35
[capture[en0]]	get_response from 192.168.3.104
[ top_half]	conntrack_add: NEW CONNECTION
[ top_half]	connbuf_init
[capture[en0]]	arp_poisoning_confirm(192.168.3.35)
[capture[en0]]	get_response from 192.168.3.35
[capture[en0]]	get_response from 192.168.3.35
[capture[en0]]	get_response from 192.168.3.104
[capture[en0]]	get_response from 192.168.3.35
[capture[en0]]	get_response from 192.168.3.104
[capture[en0]]	get_response from 192.168.3.35
[capture[en0]]	get_response from 192.168.3.104
[ ettercap]	get_full_path -- [share] /usr/local/share/ettercap/
[ ettercap]	gtk_load_filter
[    timer]	conntrack_timeouter: woke up
[    timer]	conntrack_timeouter: sleeping for 5 sec
[    timer]	conntrack_timeouter: woke up
[    timer]	conntrack_timeouter: sleeping for 5 sec
[capture[en0]]	get_response from 192.168.3.35
[capture[en0]]	get_response from 192.168.3.104
[    timer]	conntrack_timeouter: woke up
[    timer]	conntrack_timeouter: sleeping for 5 sec
[ ettercap]	filter_load_file (/Users/saaketAgashe/change_diff_relay.ef)
[ ettercap]	gtkui_msg: Content filters loaded from /Users/saaketAgashe/change_diff_relay.ef...

[    timer]	conntrack_timeouter: woke up
[    timer]	conntrack_timeouter: sleeping for 5 sec
[capture[en0]]	get_response from 192.168.3.35
[capture[en0]]	get_response from 192.168.3.104
[capture[en0]]	arp_poisoning_confirm(192.168.3.100)
[capture[en0]]	get_response from 192.168.3.100
[    timer]	conntrack_timeouter: woke up
[    timer]	conntrack_timeouter: sleeping for 5 sec
[capture[en0]]	tcp_create_session
[capture[en0]]	session_put: [0x7fa4bbaa3120] new session
[capture[en0]]	filter engine: func_replace
[capture[en0]]	filter engine: func_replace
[ top_half]	conntrack_add: NEW CONNECTION
[ top_half]	connbuf_init
[capture[en0]]	ip_create_session
[capture[en0]]	session_put: [0x7fa4bbc54ab0] new session
[capture[en0]]	filter engine: func_replace
[capture[en0]]	filter engine: func_replace
[ ettercap]	gtkui_msg: here is the request

[ ettercap]	gtkui_msg: here is the response

[    timer]	conntrack_timeouter: woke up
[    timer]	conntrack_timeouter: sleeping for 5 sec
[capture[en0]]	get_response from 192.168.3.35
[capture[en0]]	get_response from 192.168.3.104
[capture[en0]]	filter engine: func_replace
[capture[en0]]	filter engine: func_replace
[ ettercap]	gtkui_msg: here is the request

[capture[en0]]	filter engine: func_replace
[capture[en0]]	filter engine: func_replace
[    timer]	conntrack_timeouter: woke up
[    timer]	conntrack_timeouter: sleeping for 5 sec
[ ettercap]	gtkui_msg: here is the response

[    timer]	conntrack_timeouter: woke up
[    timer]	conntrack_timeouter: sleeping for 5 sec
[capture[en0]]	get_response from 192.168.3.35
[capture[en0]]	get_response from 192.168.3.104
[    timer]	conntrack_timeouter: woke up
[    timer]	conntrack_timeouter: sleeping for 5 sec
[ ettercap]	gtk_stop_sniffing
[ ettercap]	stop_unified_sniff
[ ettercap]	ec_thread_destroy -- terminating 123145437409280 [capture[en0]]
[ ettercap]	ec_thread_destroy -- [capture[en0]] terminated
[ ettercap]	ec_thread_destroy -- terminating 123145437945856 [sslwrap]
[ ettercap]	ec_thread_destroy -- [sslwrap] terminated
[ ettercap]	gtkui_msg: Unified sniffing was stopped.

[    timer]	conntrack_timeouter: woke up
[    timer]	conntrack_timeouter: sleeping for 5 sec
[    timer]	conntrack_timeouter: woke up
[    timer]	conntrack_timeouter: sleeping for 5 sec
[    timer]	conntrack_timeouter: woke up
[    timer]	conntrack_timeouter: sleeping for 5 sec
[    timer]	conntrack_timeouter: woke up
[    timer]	conntrack_timeouter: sleeping for 5 sec
[    timer]	conntrack_timeouter: woke up
[    timer]	conntrack_timeouter: sleeping for 5 sec
[    timer]	conntrack_timeouter: woke up
[    timer]	conntrack_timeouter: sleeping for 5 sec
[    timer]	conntrack_timeouter: woke up
[    timer]	conntrack_timeouter: sleeping for 5 sec
[    timer]	conntrack_timeouter: woke up
[    timer]	conntrack_timeouter: sleeping for 5 sec
[    timer]	conntrack_timeouter: woke up
[    timer]	conntrack_timeouter: sleeping for 5 sec
[    timer]	conntrack_timeouter: woke up
[    timer]	conntrack_timeouter: sleeping for 5 sec
[ ettercap]	gtkui_exit
[ ettercap]	gtkui_conf_set: name=window_left value=52
[ ettercap]	gtkui_conf_set: name=window_top value=46
[ ettercap]	gtkui_conf_set: name=window_width value=817
[ ettercap]	gtkui_conf_set: name=window_height value=440
[ ettercap]	gtkui_conf_save
[ ettercap]	clean_exit: 0
[ ettercap]	mitm_stop
[ ettercap]	mitm_stop: stopping arp
[ ettercap]	arp_poisoning_stop
[ ettercap]	ec_thread_destroy -- terminating 123145434189824 [arp_poisoner]
[ ettercap]	ec_thread_destroy -- [arp_poisoner] terminated
[ ettercap]	hook_del -- 56 [0x10242d450]
[    timer]	conntrack_timeouter: woke up
[    timer]	conntrack_timeouter: sleeping for 5 sec
[ ettercap]	Signal handler... (caught SIGNAL: 2)
[ ettercap]	ui_cleanup
[ ettercap]	log_stop
[ ettercap]	log_close: type: 0 [0x0][-1]
[ ettercap]	log_close: type: 0 [0x0][-1]
[ ettercap]	clean_exit: 0
[ ettercap]	mitm_stop
[ ettercap]	mitm_stop: stopping arp
[ ettercap]	arp_poisoning_stop
[ ettercap]	stop_unified_sniff
[ ettercap]	ec_thread_kill_all -- caller 140735563367232 [ettercap]
[ ettercap]	ec_thread_kill_all -- terminating 123145436872704 [timer]
[ ettercap]	ec_thread_kill_all -- [timer] terminated
[ ettercap]	ec_thread_kill_all -- terminating 123145436336128 [top_half]
[ ettercap]	ec_thread_kill_all -- [top_half] terminated
[ ettercap]	ATEXIT: discard_servdb
[ ettercap]	ATEXIT: fingerprint_discard
[ ettercap]	ATEXIT: discard_macdb
[ ettercap]	ATEXIT: plugin_unload_all
[ ettercap]	ATEXIT: regain_privs
[ ettercap]	ATEXIT: close_network
[ ettercap]	ATEXIT: send_closed


DEVICE CLOSED FOR DEBUGGING

